21:04:04.507 T:5392  NOTICE: special://profile/ is mapped to: special://masterprofile/
21:04:04.507 T:5392  NOTICE: -----------------------------------------------------------------------
21:04:04.507 T:5392  NOTICE: Starting Kodi (17.4 Git:20170822-7fc6da0). Platform: Windows NT x86 32-bit
21:04:04.507 T:5392  NOTICE: Using Release Kodi x32 build
21:04:04.507 T:5392  NOTICE: Kodi compiled Aug 22 2017 by MSVC 190024215 for Windows NT x86 32-bit version 10.0 (0x0A000000)
21:04:04.508 T:5392  NOTICE: Running on Hewlett-Packard HP Pavilion dv7 Notebook PC with Windows 7 SP1, kernel: Windows NT x86 64-bit version 6.1
21:04:04.509 T:5392  NOTICE: FFmpeg version/source: ffmpeg-3.1-kodi
21:04:04.509 T:5392  NOTICE: Host CPU: Unknown, 4 cores available
21:04:04.509 T:5392  NOTICE: Desktop Resolution: 1600x900 32Bit at 60Hz
21:04:04.509 T:5392  NOTICE: Running with restricted rights
21:04:04.509 T:5392  NOTICE: Aero is enabled
21:04:04.509 T:5392  NOTICE: special://xbmc/ is mapped to: C:\Program Files (x86)\Kodi
21:04:04.509 T:5392  NOTICE: special://xbmcbin/ is mapped to: C:\Program Files (x86)\Kodi
21:04:04.509 T:5392  NOTICE: special://xbmcbinaddons/ is mapped to: C:\Program Files (x86)\Kodi/addons
21:04:04.509 T:5392  NOTICE: special://masterprofile/ is mapped to: C:\Users\Jamisons-PC\AppData\Roaming\Kodi\userdata
21:04:04.509 T:5392  NOTICE: special://home/ is mapped to: C:\Users\Jamisons-PC\AppData\Roaming\Kodi\
21:04:04.509 T:5392  NOTICE: special://temp/ is mapped to: C:\Users\Jamisons-PC\AppData\Roaming\Kodi\cache
21:04:04.509 T:5392  NOTICE: special://logpath/ is mapped to: C:\Users\Jamisons-PC\AppData\Roaming\Kodi\
21:04:04.509 T:5392  NOTICE: The executable running is: C:\Program Files (x86)\Kodi\kodi.exe
21:04:04.515 T:5392  NOTICE: Local hostname: Jamisons-PC-PC
21:04:04.515 T:5392  NOTICE: Log File is located: C:\Users\Jamisons-PC\AppData\Roaming\Kodi\/kodi.log
21:04:04.515 T:5392  NOTICE: -----------------------------------------------------------------------
21:04:04.523 T:5392  NOTICE: load settings...
21:04:04.543 T:5392 WARNING: CSettingString: unknown options filler "timezonecountries" of "locale.timezonecountry"
21:04:04.543 T:5392 WARNING: CSettingString: unknown options filler "timezones" of "locale.timezone"
21:04:04.551 T:5392  NOTICE: No settings file to load (special://xbmc/system/advancedsettings.xml)
21:04:04.551 T:5392  NOTICE: No settings file to load (special://masterprofile/advancedsettings.xml)
21:04:04.551 T:5392  NOTICE: Default Video Player: VideoPlayer
21:04:04.551 T:5392  NOTICE: Default Audio Player: paplayer
21:04:04.551 T:5392  NOTICE: Disabled debug logging due to GUI setting. Level 0.
21:04:04.551 T:5392  NOTICE: Log level changed to "LOG_LEVEL_NORMAL"
21:04:04.551 T:5392  NOTICE: CMediaSourceSettings: loading media sources from special://masterprofile/sources.xml
21:04:04.552 T:5392  NOTICE: Loading player core factory settings from special://xbmc/system/playercorefactory.xml.
21:04:04.553 T:5392  NOTICE: Loaded playercorefactory configuration
21:04:04.553 T:5392  NOTICE: Loading player core factory settings from special://masterprofile/playercorefactory.xml.
21:04:04.553 T:5392  NOTICE: special://masterprofile/playercorefactory.xml does not exist. Skipping.
21:04:04.572 T:5392  NOTICE: Running database version Addons27
21:04:04.830 T:5392  NOTICE: ADDONS: Using repository repository.xbmc.org
21:04:04.830 T:5392  NOTICE: ADDONS: Using repository repository.aresproject
21:04:04.962 T:2460  NOTICE: Found 2 Lists of Devices
21:04:04.962 T:2460  NOTICE: Enumerated DIRECTSOUND devices:
21:04:04.962 T:2460  NOTICE:     Device 1
21:04:04.962 T:2460  NOTICE:         m_deviceName      : {C5F69B8E-7FAF-4DB8-A952-17AB64CD66AE}
21:04:04.963 T:2460  NOTICE:         m_displayName     : Speakers - Speakers and Headphones (IDT High Definition Audio CODEC)
21:04:04.963 T:2460  NOTICE:         m_displayNameExtra: DIRECTSOUND: Speakers and Headphones (IDT High Definition Audio CODEC)
21:04:04.963 T:2460  NOTICE:         m_deviceType      : AE_DEVTYPE_PCM
21:04:04.963 T:2460  NOTICE:         m_channels        : FL,FR
21:04:04.963 T:2460  NOTICE:         m_sampleRates     : 48000
21:04:04.963 T:2460  NOTICE:         m_dataFormats     : AE_FMT_FLOAT
21:04:04.963 T:2460  NOTICE:         m_streamTypes     : No passthrough capabilities
21:04:04.963 T:2460  NOTICE:     Device 2
21:04:04.963 T:2460  NOTICE:         m_deviceName      : default
21:04:04.963 T:2460  NOTICE:         m_displayName     : default
21:04:04.963 T:2460  NOTICE:         m_displayNameExtra:
21:04:04.963 T:2460  NOTICE:         m_deviceType      : AE_DEVTYPE_PCM
21:04:04.963 T:2460  NOTICE:         m_channels        : FL,FR
21:04:04.963 T:2460  NOTICE:         m_sampleRates     : 48000
21:04:04.963 T:2460  NOTICE:         m_dataFormats     : AE_FMT_FLOAT
21:04:04.963 T:2460  NOTICE:         m_streamTypes     : No passthrough capabilities
21:04:04.963 T:2460  NOTICE:     Device 3
21:04:04.963 T:2460  NOTICE:         m_deviceName      : {C88FE34E-5455-4B5B-AE56-06148D187972}
21:04:04.963 T:2460  NOTICE:         m_displayName     : Headphones - Communications Headphones (IDT High Definition Audio CODEC)
21:04:04.963 T:2460  NOTICE:         m_displayNameExtra: DIRECTSOUND: Communications Headphones (IDT High Definition Audio CODEC)
21:04:04.963 T:2460  NOTICE:         m_deviceType      : AE_DEVTYPE_PCM
21:04:04.963 T:2460  NOTICE:         m_channels        : FL,FR
21:04:04.963 T:2460  NOTICE:         m_sampleRates     : 48000
21:04:04.963 T:2460  NOTICE:         m_dataFormats     : AE_FMT_FLOAT
21:04:04.963 T:2460  NOTICE:         m_streamTypes     : No passthrough capabilities
21:04:04.963 T:2460  NOTICE: Enumerated WASAPI devices:
21:04:04.963 T:2460  NOTICE:     Device 1
21:04:04.963 T:2460  NOTICE:         m_deviceName      : {C5F69B8E-7FAF-4DB8-A952-17AB64CD66AE}
21:04:04.963 T:2460  NOTICE:         m_displayName     : Speakers - Speakers and Headphones (IDT High Definition Audio CODEC)
21:04:04.964 T:2460  NOTICE:         m_displayNameExtra: WASAPI: Speakers and Headphones (IDT High Definition Audio CODEC)
21:04:04.964 T:2460  NOTICE:         m_deviceType      : AE_DEVTYPE_PCM
21:04:04.964 T:2460  NOTICE:         m_channels        : FL,FR
21:04:04.964 T:2460  NOTICE:         m_sampleRates     : 192000,96000,88200,48000,44100
21:04:04.964 T:2460  NOTICE:         m_dataFormats     : AE_FMT_S24NE4MSB,AE_FMT_S16NE,AE_FMT_S16LE,AE_FMT_S16BE
21:04:04.964 T:2460  NOTICE:         m_streamTypes     : No passthrough capabilities
21:04:04.964 T:2460  NOTICE:     Device 2
21:04:04.964 T:2460  NOTICE:         m_deviceName      : default
21:04:04.964 T:2460  NOTICE:         m_displayName     : default
21:04:04.964 T:2460  NOTICE:         m_displayNameExtra:
21:04:04.964 T:2460  NOTICE:         m_deviceType      : AE_DEVTYPE_PCM
21:04:04.964 T:2460  NOTICE:         m_channels        : FL,FR
21:04:04.964 T:2460  NOTICE:         m_sampleRates     : 192000,96000,88200,48000,44100
21:04:04.964 T:2460  NOTICE:         m_dataFormats     : AE_FMT_S24NE4MSB,AE_FMT_S16NE,AE_FMT_S16LE,AE_FMT_S16BE
21:04:04.964 T:2460  NOTICE:         m_streamTypes     : No passthrough capabilities
21:04:04.964 T:2460  NOTICE:     Device 3
21:04:04.964 T:2460  NOTICE:         m_deviceName      : {C88FE34E-5455-4B5B-AE56-06148D187972}
21:04:04.964 T:2460  NOTICE:         m_displayName     : Headphones - Communications Headphones (IDT High Definition Audio CODEC)
21:04:04.964 T:2460  NOTICE:         m_displayNameExtra: WASAPI: Communications Headphones (IDT High Definition Audio CODEC)
21:04:04.964 T:2460  NOTICE:         m_deviceType      : AE_DEVTYPE_PCM
21:04:04.964 T:2460  NOTICE:         m_channels        : FL,FR
21:04:04.964 T:2460  NOTICE:         m_sampleRates     : 192000,96000,88200,48000,44100
21:04:04.964 T:2460  NOTICE:         m_dataFormats     : AE_FMT_S24NE4MSB,AE_FMT_S16NE,AE_FMT_S16LE,AE_FMT_S16BE
21:04:04.964 T:2460  NOTICE:         m_streamTypes     : No passthrough capabilities
21:04:05.103 T:5392  NOTICE: Found screen: Generic PnP Monitor on Intel(R) HD Graphics Family, adapter 0.
21:04:05.104 T:5392  NOTICE: Primary mode: 1600x900@ 60.00 - Full Screen
21:04:05.108 T:5392  NOTICE: Additional mode: 320x200@ 60.00 - Full Screen
21:04:05.112 T:5392  NOTICE: Previous line repeats 2 times.
21:04:05.112 T:5392  NOTICE: Additional mode: 512x384@ 60.00 - Full Screen
21:04:05.114 T:5392  NOTICE: Previous line repeats 2 times.
21:04:05.114 T:5392  NOTICE: Additional mode: 640x400@ 60.00 - Full Screen
21:04:05.117 T:5392  NOTICE: Previous line repeats 2 times.
21:04:05.117 T:5392  NOTICE: Additional mode: 640x480@ 60.00 - Full Screen
21:04:05.119 T:5392  NOTICE: Previous line repeats 2 times.
21:04:05.119 T:5392  NOTICE: Additional mode: 800x600@ 60.00 - Full Screen
21:04:05.121 T:5392  NOTICE: Previous line repeats 2 times.
21:04:05.121 T:5392  NOTICE: Additional mode: 1024x768@ 60.00 - Full Screen
21:04:05.123 T:5392  NOTICE: Previous line repeats 2 times.
21:04:05.123 T:5392  NOTICE: Additional mode: 1152x864@ 60.00 - Full Screen
21:04:05.126 T:5392  NOTICE: Previous line repeats 2 times.
21:04:05.126 T:5392  NOTICE: Additional mode: 1360x768@ 60.00 - Full Screen
21:04:05.128 T:5392  NOTICE: Previous line repeats 2 times.
21:04:05.129 T:5392  NOTICE: Additional mode: 1366x768@ 60.00 - Full Screen
21:04:05.135 T:5392  NOTICE: Previous line repeats 2 times.
21:04:05.135 T:5392  NOTICE: Additional mode: 1600x900@ 60.00 - Full Screen
21:04:05.135 T:5392  NOTICE: Checking resolution 15
21:04:06.147 T:5392   ERROR: C:\Users\Jamisons-PC\AppData\Roaming\Kodi\addons\plugin.video.wsj\resources\language\English\strings.xml Doesn't contain <strings>
21:04:06.198 T:5392   ERROR: AddOnLog: Joystick Support: Failed to load XInput DLL
21:04:06.198 T:5392   ERROR: AddOnLog: Joystick Support: Failed to initialize interface xinput
21:04:06.219 T:3076  NOTICE: Running database version Addons27
21:04:06.221 T:3076  NOTICE: Running database version ViewModes6
21:04:06.224 T:3076  NOTICE: Running database version Textures13
21:04:06.228 T:3076  NOTICE: Running database version MyMusic60
21:04:06.235 T:3076  NOTICE: Running database version MyVideos107
21:04:06.238 T:3076  NOTICE: Running database version TV29
21:04:06.240 T:3076  NOTICE: Running database version Epg11
21:04:06.905 T:5392   ERROR: Window Translator: Can't find window infodialog
21:04:06.958 T:5392 WARNING: JSONRPC: Could not parse type "Setting.Details.SettingList"
21:04:07.030 T:5392 WARNING: CApplication::Initialize - startup.xml taints init process
21:04:07.116 T:5392  NOTICE: initialize done
21:04:07.117 T:5392  NOTICE: Running the application...
21:04:07.137 T:3076  NOTICE: AddOnLog: PVR HDHomeRun Client: ADDON_Create - Creating the PVR HDHomeRun add-on
21:04:07.179 T:5392  NOTICE: VideoPlayer: Opening: C:\Users\Jamisons-PC\Downloads\RTOTV3.mov
21:04:07.179 T:5392 WARNING: CDVDMessageQueue(player)::Put MSGQ_NOT_INITIALIZED
21:04:07.180 T:5392   ERROR: DXVA::CProcessorHD::IsFormatSupported: Unsupported format 104 for 1.
21:04:07.180 T:5392   ERROR: DXVA::CProcessorHD::IsFormatSupported: Unsupported format 105 for 1.
21:04:07.180 T:4680  NOTICE: Creating InputStream
21:04:07.423 T:4680  NOTICE: Creating Demuxer
21:04:07.443 T:4680  NOTICE: Opening stream: 0 source: 256
21:04:07.443 T:4680  NOTICE: Creating video codec with codec id: 56
21:04:07.443 T:4680  NOTICE: CDVDVideoCodecFFmpeg::Open() Using codec: QuickTime Animation (RLE) video
21:04:07.443 T:4680  NOTICE: Creating video thread
21:04:07.444 T:4680  NOTICE: Opening stream: 1 source: 256
21:04:07.444 T:4680  NOTICE: Finding audio codec for: 65536
21:04:07.444 T:4680  NOTICE: Creating audio thread
21:04:07.445 T:3804  NOTICE: running thread: video_thread
21:04:07.445 T:2144  NOTICE: running thread: CVideoPlayerAudio::Process()
21:04:07.527 T:2144  NOTICE: Creating audio stream (codec id: 65536, channels: 2, sample rate: 48000, no pass-through)
21:04:08.592 T:3804 WARNING: CRenderManager::Configure - timeout waiting for configure
21:04:08.592 T:3804   ERROR: CVideoPlayerVideo::OutputPicture - failed to configure renderer
21:04:09.118 T:3804 WARNING: CRenderManager::WaitForBuffer - timeout waiting for buffer
21:04:11.434 T:5392 WARNING: Previous line repeats 2 times.
21:04:11.434 T:5392  NOTICE: starting upnp client
21:04:11.438 T:5900  NOTICE: ES: Starting UDP Event server on port 9777
21:04:11.438 T:5900  NOTICE: UDP: Listening on port 9777 (ipv6 : false)
21:04:11.588 T:212  NOTICE: Skin Helper Widgets --> Backgroundservice started
21:04:11.611 T:3804  NOTICE: CDVDVideoCodecFFmpeg::CDropControl: calculated diff time: 33366
21:04:11.727 T:1440  NOTICE: Skin Helper Backgrounds --> BackgroundsUpdater - started
21:04:11.730 T:4012  NOTICE: [plugin.video.youtube] Startup: detected Krypton (Kodi-17.4), setting DASH_SUPPORT_BUILTIN = False, DASH_SUPPORT_ADDON = True
21:04:11.738 T:3964  NOTICE: script.tv.show.next.aired: ### TV Show - Next Aired starting background proc (6.0.15)
21:04:11.756 T:3804 WARNING: CRenderManager::WaitForBuffer - timeout waiting for buffer
21:04:11.798 T:3964  NOTICE: script.tv.show.next.aired: ### no prior data found
21:04:11.818 T:3804 WARNING: CRenderManager::WaitForBuffer - timeout waiting for buffer
21:04:12.788 T:6068 WARNING: Previous line repeats 1 times.
21:04:12.788 T:6068  NOTICE: EPG::CEpgContainer::Start - EPG thread started
21:04:12.888 T:1328  NOTICE: Skin Helper Service --> WebService - start helper webservice on port 52307
21:04:12.889 T:928  NOTICE: Skin Helper Service --> Skin Helper Service version 1.1.3 started
21:04:13.798 T:3964  NOTICE: script.tv.show.next.aired: ### starting data update
21:04:14.032 T:400  NOTICE: [plugin.video.youtube] Running: YouTube (5.4.14Bump) on Krypton (Kodi-17.4) with Python 2.7.13
21:04:14.342 T:1160 WARNING: Attempt to use invalid handle -1
21:04:14.342 T:1160 WARNING: Previous line repeats 2 times.
21:04:14.342 T:1160  NOTICE: Ares Wizard: ---- A R E S  W I Z A R D  L A U N C H ---
21:04:14.342 T:1160  NOTICE: Ares Wizard:
21:04:14.342 T:1160  NOTICE: Ares Wizard: @ares: wizard version = 0.0.66
21:04:14.342 T:1160  NOTICE: Ares Wizard:
21:04:14.342 T:1160  NOTICE: Ares Wizard: Locating Database...
21:04:14.346 T:1160  NOTICE: Ares Wizard: Matches...
21:04:14.346 T:1160  NOTICE: Ares Wizard: ['C:\\Users\\Jamisons-PC\\AppData\\Roaming\\Kodi\\userdata\\Database\\Addons27.db']
21:04:14.349 T:1160  NOTICE: Ares Wizard: Checking Addons27.db...
21:04:14.349 T:1160  NOTICE: Ares Wizard: found Addons27.db...
21:04:14.355 T:1160 WARNING: Attempt to use invalid handle -1
21:04:14.357 T:1160 WARNING: Previous line repeats 2 times.
21:04:14.357 T:1160  NOTICE: Ares Wizard: 'checkbuild'
21:04:14.358 T:1160  NOTICE: Ares Wizard: Check Build: failed to get build name
21:04:20.500 T:2144  NOTICE: CVideoPlayerAudio::Process - stream stalled
21:04:37.632 T:5392  NOTICE: Previous line repeats 1 times.
21:04:37.632 T:5392  NOTICE: CVideoPlayer::CloseFile()
21:04:37.632 T:5392  NOTICE: VideoPlayer: waiting for threads to exit
21:04:37.633 T:4680  NOTICE: CVideoPlayer::OnExit()
21:04:37.633 T:4680  NOTICE: Closing stream player 1
21:04:37.633 T:4680  NOTICE: Waiting for audio thread to exit
21:04:37.633 T:2144   ERROR: Got MSGQ_ABORT or MSGO_IS_ERROR return true
21:04:37.633 T:2144  NOTICE: thread end: CVideoPlayerAudio::OnExit()
21:04:37.633 T:4680  NOTICE: Closing audio device
21:04:37.638 T:4680  NOTICE: Deleting audio codec
21:04:37.638 T:4680  NOTICE: Closing stream player 2
21:04:37.638 T:4680  NOTICE: waiting for video thread to exit
21:04:37.674 T:3804  NOTICE: thread end: video_thread
21:04:37.675 T:4680  NOTICE: deleting video codec
21:04:37.681 T:5392  NOTICE: VideoPlayer: finished waiting
21:04:37.957 T:5392  NOTICE: CVideoPlayer::CloseFile()
21:04:37.957 T:5392  NOTICE: VideoPlayer: waiting for threads to exit
21:04:37.957 T:5392  NOTICE: VideoPlayer: finished waiting
21:04:37.958 T:5392  NOTICE: CVideoPlayer::CloseFile()
21:04:37.958 T:5392  NOTICE: VideoPlayer: waiting for threads to exit
21:04:37.958 T:5392  NOTICE: VideoPlayer: finished waiting
21:04:42.568 T:5916    NONE: [plugin.video.toonjet] ?action=Featured&url=featured.php%3Fsortby%3Drated%26order%3DDESC%26count%3D64&reload=
21:04:42.681 T:5916  NOTICE: [plugin.video.toonjet] http://www.toonjet.com/featured.php?sortby=rated&order=DESC&count=64
21:04:42.681 T:5916    NONE: [plugin.video.toonjet] UrlHash = ad8bb2f8d6765661032bd19a0d8a3006
21:04:42.682 T:5916  NOTICE: [plugin.video.toonjet] Cached
21:04:42.684 T:5916    NONE: [plugin.video.toonjet] 200 - OK
21:04:43.321 T:5916    NONE: [plugin.video.toonjet] (40,)
21:04:43.596 T:5540  NOTICE: [plugin.video.vimeo] Running: Vimeo (4.1.4) on Isengard (17.4) with Python 2.7.13
21:04:43.710 T:5476    NONE: [plugin.video.toonjet] ?action=Cartoons&url=cartoons%2FLooneyTunes%2F&reload=
21:04:44.734 T:5476  NOTICE: [plugin.video.toonjet] http://www.toonjet.com/cartoons/LooneyTunes/
21:04:44.735 T:5476    NONE: [plugin.video.toonjet] UrlHash = bb58a3428da0a57c383c2182e111d518
21:04:44.738 T:5476  NOTICE: [plugin.video.toonjet] Cached
21:04:44.743 T:5476    NONE: [plugin.video.toonjet] 200 - OK
21:04:44.746 T:5140  NOTICE: [xbmcswift2] Request for "/genres/http%3A%2F%2Fwww.classiccinemaonline.com%2Fmovie-billboards%2Fanimated" matches rule for function "show_films"
21:04:44.747 T:5140  NOTICE: [plugin.video.classiccinema] http://www.classiccinemaonline.com/movie-billboards/animated
21:04:45.148 T:5476    NONE: [plugin.video.toonjet] [10]
21:04:47.005 T:6068 WARNING: XFILE::CFileFactory::CreateLoader - unsupported protocol(plugin) in plugin://plugin.video.classiccinema/play/http%3A%2F%2Fwww.classiccinemaonline.tbn
21:04:48.065 T:3484 WARNING: Previous line repeats 2 times.
21:04:48.065 T:3484  NOTICE: [ADDON] Initialized TED Talks v4.2.12 using Python: 2.7.13 (default, Jul 13 2017, 20:56:54) [MSC v.1900 32 bit (Intel)]'
21:04:51.811 T:4212  NOTICE: [xbmcswift2] Request for "/channels/" matches rule for function "show_channels"
21:05:04.599 T:3076   ERROR: CCurlFile::Stat - Failed: HTTP response code said error(22) for https://image.zype.com/53c0457a69702d4d66040000/545a64a369702d6453000000/custom_thumbnail/480.?1507567939
21:05:05.276 T:5696   ERROR: CCurlFile::Stat - Failed: HTTP response code said error(22) for https://image.zype.com/53c0457a69702d4d66040000/58d9bc4e4752841464005431/custom_thumbnail/480.?1507573358
21:05:05.545 T:3076   ERROR: CCurlFile::Stat - Failed: HTTP response code said error(22) for https://image.zype.com/53c0457a69702d4d66040000/56aa783d69702d1cb7d23b00/custom_thumbnail/480.?1507636790
21:05:05.916 T:5132   ERROR: CCurlFile::Stat - Failed: HTTP response code said error(22) for https://image.zype.com/53c0457a69702d4d66040000/5632419c69702d071b603c00/custom_thumbnail/480.?1507621366
21:05:06.436 T:5696   ERROR: CCurlFile::Stat - Failed: HTTP response code said error(22) for https://image.zype.com/53c0457a69702d4d66040000/53cd482269702d27d3192f00/custom_thumbnail/480.?1507609914
21:05:06.711 T:3076   ERROR: CCurlFile::Stat - Failed: HTTP response code said error(22) for https://image.zype.com/53c0457a69702d4d66040000/53cd481f69702d27d35f2a00/custom_thumbnail/480.?1507646379
21:05:07.166 T:5132   ERROR: CCurlFile::Stat - Failed: HTTP response code said error(22) for https://image.zype.com/53c0457a69702d4d66040000/56aa746169702d4cf7bb3800/custom_thumbnail/480.?1507575161
21:05:09.185 T:1636    NONE: [plugin.video.toonjet] ?action=Featured&url=featured.php%3Fsortby%3Drated%26order%3DDESC%26count%3D64&reload=20171013010439
21:05:09.278 T:1636  NOTICE: [plugin.video.toonjet] http://www.toonjet.com/featured.php?sortby=rated&order=DESC&count=64
21:05:09.278 T:1636    NONE: [plugin.video.toonjet] UrlHash = ad8bb2f8d6765661032bd19a0d8a3006
21:05:09.279 T:1636  NOTICE: [plugin.video.toonjet] Cached
21:05:09.280 T:1636    NONE: [plugin.video.toonjet] 200 - OK
21:05:09.472 T:1636    NONE: [plugin.video.toonjet] (40,)
21:05:10.224 T:948  NOTICE: [plugin.video.vimeo] Running: Vimeo (4.1.4) on Isengard (17.4) with Python 2.7.13
21:05:10.874 T:4532    NONE: [plugin.video.toonjet] ?action=Cartoons&url=cartoons%2FLooneyTunes%2F&reload=20171013010439
21:05:12.099 T:4532  NOTICE: [plugin.video.toonjet] http://www.toonjet.com/cartoons/LooneyTunes/
21:05:12.099 T:4532    NONE: [plugin.video.toonjet] UrlHash = bb58a3428da0a57c383c2182e111d518
21:05:12.101 T:4532  NOTICE: [plugin.video.toonjet] Cached
21:05:12.107 T:4532    NONE: [plugin.video.toonjet] 200 - OK
21:05:12.117 T:2500  NOTICE: [xbmcswift2] Request for "/genres/http%3A%2F%2Fwww.classiccinemaonline.com%2Fmovie-billboards%2Fanimated" matches rule for function "show_films"
21:05:12.118 T:2500  NOTICE: [plugin.video.classiccinema] http://www.classiccinemaonline.com/movie-billboards/animated
21:05:13.266 T:3076 WARNING: XFILE::CFileFactory::CreateLoader - unsupported protocol(plugin) in plugin://plugin.video.classiccinema/play/http%3A%2F%2Fwww.classiccinemaonline.tbn
21:05:14.394 T:4532 WARNING: Previous line repeats 2 times.
21:05:14.394 T:4532    NONE: [plugin.video.toonjet] [10]
21:05:15.126 T:2088  NOTICE: [ADDON] Initialized TED Talks v4.2.12 using Python: 2.7.13 (default, Jul 13 2017, 20:56:54) [MSC v.1900 32 bit (Intel)]'
21:05:16.448 T:5820   FATAL: [Science-Friday.support] root() got an unexpected keyword argument 'reload'
                                            Traceback (most recent call last):
                                              File "C:\Users\Jamisons-PC\AppData\Roaming\Kodi\addons\script.module.codequick\lib\codequick\support.py", line 297, in dispatch
                                                controller_ins._execute_route(route.callback)
                                              File "C:\Users\Jamisons-PC\AppData\Roaming\Kodi\addons\script.module.codequick\lib\codequick\route.py", line 64, in _execute_route
                                                listitems = super(Route, self)._execute_route(callback)
                                              File "C:\Users\Jamisons-PC\AppData\Roaming\Kodi\addons\script.module.codequick\lib\codequick\script.py", line 159, in _execute_route
                                                return callback(self, **dispatcher.callback_params)
                                            TypeError: root() got an unexpected keyword argument 'reload'
21:05:16.448 T:5820 WARNING: ###### debug ######
21:05:16.448 T:5820 WARNING: [Science-Friday.support] Dispatching to route: 'root'
21:05:16.449 T:5820 WARNING: [Science-Friday.support] Callback parameters: '{u'reload': u'20171013010439'}'
21:05:16.449 T:5820 WARNING: ###### debug ######
21:05:16.574 T:3076   ERROR: XFILE::CDirectory::GetDirectory - Error getting plugin://plugin.video.science.friday/?reload=20171013010439
21:05:17.671 T:5956  NOTICE: [xbmcswift2] Request for "/channels/" matches rule for function "show_channels"
21:05:28.021 T:4920  NOTICE: [plugin.video.youtube] Running: YouTube (5.4.14Bump) on Krypton (Kodi-17.4) with Python 2.7.13
21:05:29.711 T:4444  NOTICE: [plugin.video.break_com] Running: Break Videos (4.0.3) on J..... (17.4) with Python (2.7.13)
21:05:31.818 T:5752  NOTICE: [plugin.video.vimeo] Running: Vimeo (4.1.4) on Isengard (17.4) with Python 2.7.13
21:05:38.710 T:3076   ERROR: CCurlFile::Stat - Failed: HTTP response code said error(22) for https://s3.amazonaws.com/rtv3.image.cdn.roosterteeth.com/store/eeb9497f-a71f-4c53-ba37-262674e642cd.jpg/sm/RWBY Rewind_Square3.jpg
21:09:12.603 T:3964  NOTICE: script.tv.show.next.aired: ### no prior data found
21:09:14.603 T:3964  NOTICE: script.tv.show.next.aired: ### starting data update
21:19:12.809 T:3964  NOTICE: script.tv.show.next.aired: ### no prior data found
21:19:14.808 T:3964  NOTICE: script.tv.show.next.aired: ### starting data update
21:20:06.524 T:264 WARNING: CSkinInfo: failed to load skin settings
21:22:44.184 T:5392  NOTICE: CPowerManager::OnSleep: Running sleep jobs
21:22:44.184 T:5392  NOTICE: CPowerManager::OnSleep: Stopping lirc
21:30:43.471 T:5392  NOTICE: CPowerManager::OnWake: Running resume jobs
21:30:43.472 T:5392  NOTICE: CPowerManager::OnWake: Restarting lirc
21:30:43.533 T:2460  NOTICE: Found 2 Lists of Devices
21:30:43.533 T:2460  NOTICE: Enumerated DIRECTSOUND devices:
21:30:43.533 T:2460  NOTICE:     Device 1
21:30:43.534 T:2460  NOTICE:         m_deviceName      : {C5F69B8E-7FAF-4DB8-A952-17AB64CD66AE}
21:30:43.534 T:2460  NOTICE:         m_displayName     : Speakers - Speakers and Headphones (IDT High Definition Audio CODEC)
21:30:43.534 T:2460  NOTICE:         m_displayNameExtra: DIRECTSOUND: Speakers and Headphones (IDT High Definition Audio CODEC)
21:30:43.534 T:2460  NOTICE:         m_deviceType      : AE_DEVTYPE_PCM
21:30:43.534 T:2460  NOTICE:         m_channels        : FL,FR
21:30:43.534 T:2460  NOTICE:         m_sampleRates     : 48000
21:30:43.534 T:2460  NOTICE:         m_dataFormats     : AE_FMT_FLOAT
21:30:43.534 T:2460  NOTICE:         m_streamTypes     : No passthrough capabilities
21:30:43.534 T:2460  NOTICE:     Device 2
21:30:43.534 T:2460  NOTICE:         m_deviceName      : default
21:30:43.534 T:2460  NOTICE:         m_displayName     : default
21:30:43.534 T:2460  NOTICE:         m_displayNameExtra:
21:30:43.534 T:2460  NOTICE:         m_deviceType      : AE_DEVTYPE_PCM
21:30:43.534 T:2460  NOTICE:         m_channels        : FL,FR
21:30:43.534 T:2460  NOTICE:         m_sampleRates     : 48000
21:30:43.534 T:2460  NOTICE:         m_dataFormats     : AE_FMT_FLOAT
21:30:43.534 T:2460  NOTICE:         m_streamTypes     : No passthrough capabilities
21:30:43.534 T:2460  NOTICE:     Device 3
21:30:43.534 T:2460  NOTICE:         m_deviceName      : {C88FE34E-5455-4B5B-AE56-06148D187972}
21:30:43.534 T:2460  NOTICE:         m_displayName     : Headphones - Communications Headphones (IDT High Definition Audio CODEC)
21:30:43.534 T:2460  NOTICE:         m_displayNameExtra: DIRECTSOUND: Communications Headphones (IDT High Definition Audio CODEC)
21:30:43.534 T:2460  NOTICE:         m_deviceType      : AE_DEVTYPE_PCM
21:30:43.534 T:2460  NOTICE:         m_channels        : FL,FR
21:30:43.534 T:2460  NOTICE:         m_sampleRates     : 48000
21:30:43.534 T:2460  NOTICE:         m_dataFormats     : AE_FMT_FLOAT
21:30:43.534 T:2460  NOTICE:         m_streamTypes     : No passthrough capabilities
21:30:43.534 T:2460  NOTICE: Enumerated WASAPI devices:
21:30:43.534 T:2460  NOTICE:     Device 1
21:30:43.534 T:2460  NOTICE:         m_deviceName      : {C5F69B8E-7FAF-4DB8-A952-17AB64CD66AE}
21:30:43.534 T:2460  NOTICE:         m_displayName     : Speakers - Speakers and Headphones (IDT High Definition Audio CODEC)
21:30:43.534 T:2460  NOTICE:         m_displayNameExtra: WASAPI: Speakers and Headphones (IDT High Definition Audio CODEC)
21:30:43.534 T:2460  NOTICE:         m_deviceType      : AE_DEVTYPE_PCM
21:30:43.534 T:2460  NOTICE:         m_channels        : FL,FR
21:30:43.534 T:2460  NOTICE:         m_sampleRates     : 192000,96000,88200,48000,44100
21:30:43.534 T:2460  NOTICE:         m_dataFormats     : AE_FMT_S24NE4MSB,AE_FMT_S16NE,AE_FMT_S16LE,AE_FMT_S16BE
21:30:43.534 T:2460  NOTICE:         m_streamTypes     : No passthrough capabilities
21:30:43.534 T:2460  NOTICE:     Device 2
21:30:43.534 T:2460  NOTICE:         m_deviceName      : default
21:30:43.534 T:2460  NOTICE:         m_displayName     : default
21:30:43.534 T:2460  NOTICE:         m_displayNameExtra:
21:30:43.534 T:2460  NOTICE:         m_deviceType      : AE_DEVTYPE_PCM
21:30:43.534 T:2460  NOTICE:         m_channels        : FL,FR
21:30:43.534 T:2460  NOTICE:         m_sampleRates     : 192000,96000,88200,48000,44100
21:30:43.534 T:2460  NOTICE:         m_dataFormats     : AE_FMT_S24NE4MSB,AE_FMT_S16NE,AE_FMT_S16LE,AE_FMT_S16BE
21:30:43.534 T:2460  NOTICE:         m_streamTypes     : No passthrough capabilities
21:30:43.534 T:2460  NOTICE:     Device 3
21:30:43.534 T:2460  NOTICE:         m_deviceName      : {C88FE34E-5455-4B5B-AE56-06148D187972}
21:30:43.534 T:2460  NOTICE:         m_displayName     : Headphones - Communications Headphones (IDT High Definition Audio CODEC)
21:30:43.534 T:2460  NOTICE:         m_displayNameExtra: WASAPI: Communications Headphones (IDT High Definition Audio CODEC)
21:30:43.534 T:2460  NOTICE:         m_deviceType      : AE_DEVTYPE_PCM
21:30:43.534 T:2460  NOTICE:         m_channels        : FL,FR
21:30:43.534 T:2460  NOTICE:         m_sampleRates     : 192000,96000,88200,48000,44100
21:30:43.534 T:2460  NOTICE:         m_dataFormats     : AE_FMT_S24NE4MSB,AE_FMT_S16NE,AE_FMT_S16LE,AE_FMT_S16BE
21:30:43.534 T:2460  NOTICE:         m_streamTypes     : No passthrough capabilities
21:34:13.551 T:3964  NOTICE: script.tv.show.next.aired: ### no prior data found
21:34:15.555 T:3964  NOTICE: script.tv.show.next.aired: ### starting data update
21:45:56.692 T:648 WARNING: CSkinInfo: failed to load skin settings
21:54:13.823 T:3964  NOTICE: script.tv.show.next.aired: ### no prior data found
21:54:15.823 T:3964  NOTICE: script.tv.show.next.aired: ### starting data update
22:19:14.534 T:3964  NOTICE: script.tv.show.next.aired: ### no prior data found
22:19:16.535 T:3964  NOTICE: script.tv.show.next.aired: ### starting data update
22:22:31.250 T:5392  NOTICE: Storing total System Uptime
22:22:31.250 T:5392  NOTICE: Saving settings
22:22:31.259 T:5392  NOTICE: Saving skin settings
22:22:31.264 T:5392  NOTICE: stop all
22:22:31.265 T:5392  NOTICE: stop player
22:22:31.265 T:5392  NOTICE: ES: Stopping event server
22:22:31.265 T:5392  NOTICE: stopping upnp
22:22:31.887 T:5900  NOTICE: ES: UDP Event server stopped
22:22:32.329 T:5392  NOTICE: clean cached files!
22:22:32.542 T:1440  NOTICE: Skin Helper Backgrounds --> BackgroundsUpdater - stop called
22:22:32.654 T:928  NOTICE: Skin Helper Service --> Shutdown requested !
22:22:32.664 T:928  NOTICE: Skin Helper Service --> Skin Helper Service version 1.1.3 stopped
22:22:32.681 T:212  NOTICE: Skin Helper Widgets --> Backgroundservice stopped
22:22:32.815 T:5600 WARNING: CPythonInvoker(7, C:\Users\Jamisons-PC\AppData\Roaming\Kodi\addons\script.service.janitor\service.py): the python script "C:\Users\Jamisons-PC\AppData\Roaming\Kodi\addons\script.service.janitor\service.py" has left several classes in memory that we couldn't clean up. The classes include: class XBMCAddon::xbmcgui::DialogProgress,class XBMCAddon::xbmc::Monitor
22:22:33.020 T:3964  NOTICE: script.tv.show.next.aired: ### abort requested -- stopping background processing
22:22:34.564 T:5392  NOTICE: closing down remote control service
22:22:34.564 T:5392  NOTICE: stopped
22:22:34.764 T:5392  NOTICE: destroy
22:22:34.764 T:5392  NOTICE: unload skin
22:22:35.100 T:5392  NOTICE: unload sections
22:22:35.129 T:5392  NOTICE: special://profile/ is mapped to: special://masterprofile/
22:22:35.130 T:5392  NOTICE: PVRManager - stopping
22:22:36.185 T:5392  NOTICE: application stopped...
